C:\USERS\Настя\DOCUMENTS\MP2-LAB2-MATRIX\MATRIX_2\DEBUG\MATRIX_2.EXE
C:\USERS\Настя\DOCUMENTS\MP2-LAB2-MATRIX\MATRIX_2\DEBUG\MATRIX_2.ILK
C:\USERS\НАСТЯ\DOCUMENTS\MP2-LAB2-MATRIX\MATRIX_2\DEBUG\MATRIX_2.PDB
C:\Users\Настя\Documents\mp2-lab2-matrix\matrix_2\matrix_2\Debug\cl.command.1.tlog
C:\Users\Настя\Documents\mp2-lab2-matrix\matrix_2\matrix_2\Debug\CL.read.1.tlog
C:\Users\Настя\Documents\mp2-lab2-matrix\matrix_2\matrix_2\Debug\CL.write.1.tlog
C:\Users\Настя\Documents\mp2-lab2-matrix\matrix_2\matrix_2\Debug\link.5056.read.1.tlog
C:\Users\Настя\Documents\mp2-lab2-matrix\matrix_2\matrix_2\Debug\link.5056.write.1.tlog
C:\Users\Настя\Documents\mp2-lab2-matrix\matrix_2\matrix_2\Debug\link.5056-cvtres.read.1.tlog
C:\Users\Настя\Documents\mp2-lab2-matrix\matrix_2\matrix_2\Debug\link.5056-cvtres.write.1.tlog
C:\Users\Настя\Documents\mp2-lab2-matrix\matrix_2\matrix_2\Debug\link.command.1.tlog
C:\Users\Настя\Documents\mp2-lab2-matrix\matrix_2\matrix_2\Debug\link.read.1.tlog
C:\Users\Настя\Documents\mp2-lab2-matrix\matrix_2\matrix_2\Debug\link.write.1.tlog
C:\Users\Настя\Documents\mp2-lab2-matrix\matrix_2\matrix_2\Debug\link-cvtres.read.1.tlog
C:\Users\Настя\Documents\mp2-lab2-matrix\matrix_2\matrix_2\Debug\link-cvtres.write.1.tlog
C:\USERS\Настя\DOCUMENTS\MP2-LAB2-MATRIX\MATRIX_2\MATRIX_2\DEBUG\MAIN.OBJ
C:\USERS\Настя\DOCUMENTS\MP2-LAB2-MATRIX\MATRIX_2\MATRIX_2\DEBUG\MATRIX_2.EXE.EMBED.MANIFEST
C:\USERS\Настя\DOCUMENTS\MP2-LAB2-MATRIX\MATRIX_2\MATRIX_2\DEBUG\MATRIX_2.EXE.EMBED.MANIFEST.RES
C:\USERS\Настя\DOCUMENTS\MP2-LAB2-MATRIX\MATRIX_2\MATRIX_2\DEBUG\MATRIX_2.EXE.INTERMEDIATE.MANIFEST
C:\Users\Настя\Documents\mp2-lab2-matrix\matrix_2\matrix_2\Debug\matrix_2.vcxprojResolveAssemblyReference.cache
C:\Users\Настя\Documents\mp2-lab2-matrix\matrix_2\matrix_2\Debug\matrix_2.write.1.tlog
C:\Users\Настя\Documents\mp2-lab2-matrix\matrix_2\matrix_2\Debug\matrix_2_manifest.rc
C:\Users\Настя\Documents\mp2-lab2-matrix\matrix_2\matrix_2\Debug\mt.command.1.tlog
C:\Users\Настя\Documents\mp2-lab2-matrix\matrix_2\matrix_2\Debug\mt.read.1.tlog
C:\Users\Настя\Documents\mp2-lab2-matrix\matrix_2\matrix_2\Debug\mt.write.1.tlog
C:\Users\Настя\Documents\mp2-lab2-matrix\matrix_2\matrix_2\Debug\rc.command.1.tlog
C:\Users\Настя\Documents\mp2-lab2-matrix\matrix_2\matrix_2\Debug\rc.read.1.tlog
C:\Users\Настя\Documents\mp2-lab2-matrix\matrix_2\matrix_2\Debug\rc.write.1.tlog
C:\Users\Настя\Documents\mp2-lab2-matrix\matrix_2\matrix_2\Debug\vc100.idb
C:\USERS\НАСТЯ\DOCUMENTS\MP2-LAB2-MATRIX\MATRIX_2\MATRIX_2\DEBUG\VC100.PDB
