Build started 19.11.2015 17:01:08.
     1>Project "C:\Users\Настя\Documents\mp2-lab2-matrix\matrix_2\matrix_2\matrix_2.vcxproj" on node 2 (rebuild target(s)).
     1>_PrepareForClean:
         Deleting file "Debug\matrix_2.lastbuildstate".
       InitializeBuildStatus:
         Creating "Debug\matrix_2.unsuccessfulbuild" because "AlwaysCreate" was specified.
       ClCompile:
         C:\Program Files\Microsoft Visual Studio 10.0\VC\bin\CL.exe /c /ZI /nologo /W3 /WX- /Od /Oy- /D WIN32 /D _DEBUG /D _WINDOWS /D _UNICODE /D UNICODE /Gm /EHsc /RTC1 /MDd /GS /fp:precise /Zc:wchar_t /Zc:forScope /Fo"Debug\\" /Fd"Debug\vc100.pdb" /Gd /TP /analyze- /errorReport:prompt main.cpp
         main.cpp
       ManifestResourceCompile:
         C:\Program Files\Microsoft SDKs\Windows\v7.0A\bin\rc.exe /nologo /fo"Debug\matrix_2.exe.embed.manifest.res" Debug\matrix_2_manifest.rc 
       Link:
         C:\Program Files\Microsoft Visual Studio 10.0\VC\bin\link.exe /ERRORREPORT:PROMPT /OUT:"C:\Users\Настя\Documents\mp2-lab2-matrix\matrix_2\Debug\matrix_2.exe" /INCREMENTAL /NOLOGO kernel32.lib user32.lib gdi32.lib winspool.lib comdlg32.lib advapi32.lib shell32.lib ole32.lib oleaut32.lib uuid.lib odbc32.lib odbccp32.lib /MANIFEST /ManifestFile:"Debug\matrix_2.exe.intermediate.manifest" /MANIFESTUAC:"level='asInvoker' uiAccess='false'" /DEBUG /PDB:"C:\Users\Настя\Documents\mp2-lab2-matrix\matrix_2\Debug\matrix_2.pdb" /SUBSYSTEM:CONSOLE /TLBID:1 /ENTRY:"main" /DYNAMICBASE /NXCOMPAT /IMPLIB:"C:\Users\Настя\Documents\mp2-lab2-matrix\matrix_2\Debug\matrix_2.lib" /MACHINE:X86 Debug\matrix_2.exe.embed.manifest.res
         Debug\main.obj
       Manifest:
         Deleting file "Debug\matrix_2.exe.embed.manifest".
         C:\Program Files\Microsoft SDKs\Windows\v7.0A\bin\mt.exe /nologo /verbose /out:"Debug\matrix_2.exe.embed.manifest" /manifest Debug\matrix_2.exe.intermediate.manifest
         C:\Program Files\Microsoft SDKs\Windows\v7.0A\bin\rc.exe /nologo /fo"Debug\matrix_2.exe.embed.manifest.res" Debug\matrix_2_manifest.rc 
       LinkEmbedManifest:
         C:\Program Files\Microsoft Visual Studio 10.0\VC\bin\link.exe /ERRORREPORT:PROMPT /OUT:"C:\Users\Настя\Documents\mp2-lab2-matrix\matrix_2\Debug\matrix_2.exe" /INCREMENTAL /NOLOGO kernel32.lib user32.lib gdi32.lib winspool.lib comdlg32.lib advapi32.lib shell32.lib ole32.lib oleaut32.lib uuid.lib odbc32.lib odbccp32.lib /MANIFEST /ManifestFile:"Debug\matrix_2.exe.intermediate.manifest" /MANIFESTUAC:"level='asInvoker' uiAccess='false'" /DEBUG /PDB:"C:\Users\Настя\Documents\mp2-lab2-matrix\matrix_2\Debug\matrix_2.pdb" /SUBSYSTEM:CONSOLE /TLBID:1 /ENTRY:"main" /DYNAMICBASE /NXCOMPAT /IMPLIB:"C:\Users\Настя\Documents\mp2-lab2-matrix\matrix_2\Debug\matrix_2.lib" /MACHINE:X86 Debug\matrix_2.exe.embed.manifest.res
         Debug\main.obj
         matrix_2.vcxproj -> C:\Users\Настя\Documents\mp2-lab2-matrix\matrix_2\Debug\matrix_2.exe
       FinalizeBuildStatus:
         Deleting file "Debug\matrix_2.unsuccessfulbuild".
         Touching "Debug\matrix_2.lastbuildstate".
     1>Done Building Project "C:\Users\Настя\Documents\mp2-lab2-matrix\matrix_2\matrix_2\matrix_2.vcxproj" (rebuild target(s)).

Build succeeded.

Time Elapsed 00:00:05.97
