Build started 20.11.2015 18:34:54.
     1>Project "C:\Users\Настя\Documents\mp2-lab2-matrix\matrix_3\matrix_3\matrix_3.vcxproj" on node 2 (rebuild target(s)).
     1>_PrepareForClean:
         Deleting file "Release\matrix_3.lastbuildstate".
       InitializeBuildStatus:
         Creating "Release\matrix_3.unsuccessfulbuild" because "AlwaysCreate" was specified.
       ClCompile:
         C:\Program Files\Microsoft Visual Studio 10.0\VC\bin\CL.exe /c /Zi /nologo /W3 /WX- /O2 /Oi /Oy- /GL /D WIN32 /D NDEBUG /D _CONSOLE /D _UNICODE /D UNICODE /Gm- /EHsc /MD /GS /Gy /fp:precise /Zc:wchar_t /Zc:forScope /Fo"Release\\" /Fd"Release\vc100.pdb" /Gd /TP /analyze- /errorReport:prompt matrix_3.cpp
         matrix_3.cpp
       Link:
         C:\Program Files\Microsoft Visual Studio 10.0\VC\bin\link.exe /ERRORREPORT:PROMPT /OUT:"C:\Users\Настя\Documents\mp2-lab2-matrix\matrix_3\Release\matrix_3.exe" /INCREMENTAL:NO /NOLOGO kernel32.lib user32.lib gdi32.lib winspool.lib comdlg32.lib advapi32.lib shell32.lib ole32.lib oleaut32.lib uuid.lib odbc32.lib odbccp32.lib /MANIFEST /ManifestFile:"Release\matrix_3.exe.intermediate.manifest" /MANIFESTUAC:"level='asInvoker' uiAccess='false'" /DEBUG /PDB:"C:\Users\Настя\Documents\mp2-lab2-matrix\matrix_3\Release\matrix_3.pdb" /SUBSYSTEM:CONSOLE /OPT:REF /OPT:ICF /LTCG /TLBID:1 /DYNAMICBASE /NXCOMPAT /IMPLIB:"C:\Users\Настя\Documents\mp2-lab2-matrix\matrix_3\Release\matrix_3.lib" /MACHINE:X86 Release\matrix_3.obj
         Generating code
         Finished generating code
         matrix_3.vcxproj -> C:\Users\Настя\Documents\mp2-lab2-matrix\matrix_3\Release\matrix_3.exe
       Manifest:
         C:\Program Files\Microsoft SDKs\Windows\v7.0A\bin\mt.exe /nologo /verbose /outputresource:"C:\Users\Настя\Documents\mp2-lab2-matrix\matrix_3\Release\matrix_3.exe;#1" /manifest Release\matrix_3.exe.intermediate.manifest
       FinalizeBuildStatus:
         Deleting file "Release\matrix_3.unsuccessfulbuild".
         Touching "Release\matrix_3.lastbuildstate".
     1>Done Building Project "C:\Users\Настя\Documents\mp2-lab2-matrix\matrix_3\matrix_3\matrix_3.vcxproj" (rebuild target(s)).

Build succeeded.

Time Elapsed 00:00:05.61
